<?xml version="1.0" encoding="UTF-8"?>
<!-- Generated by org.testng.reporters.JUnitReportReporter -->
<testsuite hostname="barce-C0920J3" failures="0" tests="1" name="com.torc.ui.demo.runner.TestRunner" time="12.480" errors="0" timestamp="2023-03-08T21:39:51 CST" skipped="0">
  <testcase classname="com.torc.ui.demo.runner.TestRunner" name="runScenario" time="12.480"/>
  <system-out/>
</testsuite> <!-- com.torc.ui.demo.runner.TestRunner -->
